<?xml version="1.0" encoding="UTF-8"?>
<!-- Generated by org.testng.reporters.JUnitXMLReporter -->
<testsuite ignored="0" hostname="DESKTOP-NGG3R22" failures="0" tests="8" name="Surefire test" time="0.119" errors="0" timestamp="2026-03-12T15:43:29 IST">
  <testcase classname="pack1.ContactTest" name="createContact" time="0.009"/>
  <testcase classname="pack1.ContactTest" name="createContactWithOrg" time="0.001"/>
  <testcase classname="pack1.ContactTestProfillingTest" name="createContact" time="0.001"/>
  <testcase classname="pack1.ContactTestProfillingTest" name="createContactWithOrg" time="0.0"/>
  <testcase classname="pack2.orgTest" name="createOrg" time="0.001"/>
  <testcase classname="pack2.orgTest" name="createOrgWithContact" time="0.002"/>
  <testcase classname="pack2.orgTestProfillingTest" name="createOrg" time="0.002"/>
  <testcase classname="pack2.orgTestProfillingTest" name="createOrgWithContact" time="0.002"/>
</testsuite> <!-- Surefire test -->
