<?xml version="1.0" encoding="UTF-8"?>
<!-- Generated by org.testng.reporters.JUnitXMLReporter -->
<testsuite ignored="0" hostname="DESKTOP-NGG3R22" failures="0" tests="4" name="Test" time="0.102" errors="0" timestamp="2026-03-12T15:48:25 IST">
  <testcase classname="pack1.ContactTestProfillingTest" name="createContact" time="0.012"/>
  <testcase classname="pack1.ContactTestProfillingTest" name="createContactWithOrg" time="0.001"/>
  <testcase classname="pack2.orgTestProfillingTest" name="createOrg" time="0.001"/>
  <testcase classname="pack2.orgTestProfillingTest" name="createOrgWithContact" time="0.001"/>
</testsuite> <!-- Test -->
