<?xml version="1.0" encoding="UTF-8"?>
<testng-results ignored="0" total="4" passed="4" failed="0" skipped="0">
  <reporter-output>
  </reporter-output>
  <suite started-at="2026-03-12T15:48:25 IST" name="Suite" finished-at="2026-03-12T15:48:25 IST" duration-ms="102">
    <groups>
      <group name="ST">
        <method signature="ContactTestProfillingTest.createContactWithOrg()[pri:0, instance:pack1.ContactTestProfillingTest@47d90b9e]" name="createContactWithOrg" class="pack1.ContactTestProfillingTest"/>
        <method signature="orgTestProfillingTest.createOrgWithContact()[pri:0, instance:pack2.orgTestProfillingTest@10e92f8f]" name="createOrgWithContact" class="pack2.orgTestProfillingTest"/>
      </group> <!-- ST -->
      <group name="FRT">
        <method signature="ContactTestProfillingTest.createContact()[pri:0, instance:pack1.ContactTestProfillingTest@47d90b9e]" name="createContact" class="pack1.ContactTestProfillingTest"/>
        <method signature="orgTestProfillingTest.createOrg()[pri:0, instance:pack2.orgTestProfillingTest@10e92f8f]" name="createOrg" class="pack2.orgTestProfillingTest"/>
      </group> <!-- FRT -->
    </groups>
    <test started-at="2026-03-12T15:48:25 IST" name="Test" finished-at="2026-03-12T15:48:25 IST" duration-ms="102">
      <class name="pack2.orgTestProfillingTest">
        <test-method signature="createOrg()[pri:0, instance:pack2.orgTestProfillingTest@10e92f8f]" started-at="2026-03-12T15:48:25 IST" name="createOrg" finished-at="2026-03-12T15:48:25 IST" duration-ms="1" status="PASS">
          <reporter-output>
          </reporter-output>
        </test-method> <!-- createOrg -->
        <test-method signature="createOrgWithContact()[pri:0, instance:pack2.orgTestProfillingTest@10e92f8f]" started-at="2026-03-12T15:48:25 IST" name="createOrgWithContact" finished-at="2026-03-12T15:48:25 IST" duration-ms="1" status="PASS">
          <reporter-output>
          </reporter-output>
        </test-method> <!-- createOrgWithContact -->
      </class> <!-- pack2.orgTestProfillingTest -->
      <class name="pack1.ContactTestProfillingTest">
        <test-method signature="createContact()[pri:0, instance:pack1.ContactTestProfillingTest@47d90b9e]" started-at="2026-03-12T15:48:25 IST" name="createContact" finished-at="2026-03-12T15:48:25 IST" duration-ms="12" status="PASS">
          <reporter-output>
          </reporter-output>
        </test-method> <!-- createContact -->
        <test-method signature="createContactWithOrg()[pri:0, instance:pack1.ContactTestProfillingTest@47d90b9e]" started-at="2026-03-12T15:48:25 IST" name="createContactWithOrg" finished-at="2026-03-12T15:48:25 IST" duration-ms="1" status="PASS">
          <reporter-output>
          </reporter-output>
        </test-method> <!-- createContactWithOrg -->
      </class> <!-- pack1.ContactTestProfillingTest -->
    </test> <!-- Test -->
  </suite> <!-- Suite -->
</testng-results>
