<?xml version="1.0" encoding="UTF-8"?>
<!-- Generated by org.testng.reporters.JUnitReportReporter -->
<testsuite hostname="DESKTOP-NGG3R22" failures="0" tests="2" name="pack1.ContactTest" time="0.010" errors="0" timestamp="2026-03-12T15:43:29 IST" skipped="0">
  <testcase classname="pack1.ContactTest" name="createContact" time="0.009"/>
  <system-out/>
  <testcase classname="pack1.ContactTest" name="createContactWithOrg" time="0.001"/>
  <system-out/>
</testsuite> <!-- pack1.ContactTest -->
