<?xml version="1.0" encoding="UTF-8"?>
<!-- Generated by org.testng.reporters.JUnitReportReporter -->
<testsuite hostname="DESKTOP-NGG3R22" failures="0" tests="2" name="pack1.ContactTestProfillingTest" time="0.013" errors="0" timestamp="2026-03-12T15:48:26 IST" skipped="0">
  <testcase classname="pack1.ContactTestProfillingTest" name="createContactWithOrg" time="0.001"/>
  <system-out/>
  <testcase classname="pack1.ContactTestProfillingTest" name="createContact" time="0.012"/>
  <system-out/>
</testsuite> <!-- pack1.ContactTestProfillingTest -->
