<?xml version="1.0" encoding="UTF-8"?>
<!-- Generated by org.testng.reporters.JUnitReportReporter -->
<testsuite hostname="DESKTOP-NGG3R22" failures="0" tests="2" name="pack1.ContactTestProfilling" time="0.012" errors="0" timestamp="2026-03-12T10:41:38 IST" skipped="0">
  <testcase classname="pack1.ContactTestProfilling" name="createContactWithOrg" time="0.001"/>
  <system-out/>
  <testcase classname="pack1.ContactTestProfilling" name="createContact" time="0.011"/>
  <system-out/>
</testsuite> <!-- pack1.ContactTestProfilling -->
