<?xml version="1.0" encoding="UTF-8"?>
<!-- Generated by org.testng.reporters.JUnitReportReporter -->
<testsuite hostname="DESKTOP-NGG3R22" failures="0" tests="2" name="pack2.orgTestProfillingTest" time="0.002" errors="0" timestamp="2026-03-12T15:48:26 IST" skipped="0">
  <testcase classname="pack2.orgTestProfillingTest" name="createOrgWithContact" time="0.001"/>
  <system-out/>
  <testcase classname="pack2.orgTestProfillingTest" name="createOrg" time="0.001"/>
  <system-out/>
</testsuite> <!-- pack2.orgTestProfillingTest -->
